************************snail.tga******************************
*INFO readPicture : open file pictures/snail.tga
*INFO readPicture : lSize = 262162
*INFO readPicture : head =  0
*INFO readPicture : head =  0
*INFO readPicture : head =  2
*INFO readPicture : head =  0
*INFO readPicture : head =  0
*INFO readPicture : head =  0
*INFO readPicture : head =  0
*INFO readPicture : head =  0
*INFO readPicture : head =  0
*INFO readPicture : head =  0
*INFO readPicture : head =  0
*INFO readPicture : head =  0
*INFO readPicture : head =  0
*INFO readPicture : head =  1
*INFO readPicture : head =  0
*INFO readPicture : head =  1
*INFO readPicture : head =  32
*INFO readPicture : head =  8
*INFO readPicture : width = 256
*INFO readPicture : high = 256
*INFO readPicture : type = 8
*INFO writePicture : size = 21334
*INFO writePicture : head =  0
*INFO writePicture : head =  0
*INFO writePicture : head =  2
*INFO writePicture : head =  0
*INFO writePicture : head =  0
*INFO writePicture : head =  0
*INFO writePicture : head =  0
*INFO writePicture : head =  0
*INFO writePicture : head =  0
*INFO writePicture : head =  0
*INFO writePicture : head =  0
*INFO writePicture : head =  0
*INFO writePicture : head =  73
*INFO writePicture : head =  0
*INFO writePicture : head =  73
*INFO writePicture : head =  0
*INFO writePicture : head =  32
*INFO writePicture : head =  40
*INFO writePicture : size = 260118
*INFO writePicture : head =  0
*INFO writePicture : head =  0
*INFO writePicture : head =  2
*INFO writePicture : head =  0
*INFO writePicture : head =  0
*INFO writePicture : head =  0
*INFO writePicture : head =  0
*INFO writePicture : head =  0
*INFO writePicture : head =  0
*INFO writePicture : head =  0
*INFO writePicture : head =  0
*INFO writePicture : head =  0
*INFO writePicture : head =  255
*INFO writePicture : head =  0
*INFO writePicture : head =  255
*INFO writePicture : head =  0
*INFO writePicture : head =  32
*INFO writePicture : head =  40
*INFO writePicture : size = 21334
*INFO writePicture : head =  0
*INFO writePicture : head =  0
*INFO writePicture : head =  2
*INFO writePicture : head =  0
*INFO writePicture : head =  0
*INFO writePicture : head =  0
*INFO writePicture : head =  0
*INFO writePicture : head =  0
*INFO writePicture : head =  0
*INFO writePicture : head =  0
*INFO writePicture : head =  0
*INFO writePicture : head =  0
*INFO writePicture : head =  73
*INFO writePicture : head =  0
*INFO writePicture : head =  73
*INFO writePicture : head =  0
*INFO writePicture : head =  32
*INFO writePicture : head =  40
*INFO writePicture : size = 260118
*INFO writePicture : head =  0
*INFO writePicture : head =  0
*INFO writePicture : head =  2
*INFO writePicture : head =  0
*INFO writePicture : head =  0
*INFO writePicture : head =  0
*INFO writePicture : head =  0
*INFO writePicture : head =  0
*INFO writePicture : head =  0
*INFO writePicture : head =  0
*INFO writePicture : head =  0
*INFO writePicture : head =  0
*INFO writePicture : head =  255
*INFO writePicture : head =  0
*INFO writePicture : head =  255
*INFO writePicture : head =  0
*INFO writePicture : head =  32
*INFO writePicture : head =  40
*INFO Compare : RMS of bilining = 63
*INFO Compare : RMS of double = 65
*INFO Compare : D of bilining = 0
*INFO Compare : D of double = 0
************************nature.tga******************************
*INFO readPicture : open file pictures/nature.tga
*INFO readPicture : lSize = 3857314
*INFO readPicture : head =  0
*INFO readPicture : head =  0
*INFO readPicture : head =  2
*INFO readPicture : head =  0
*INFO readPicture : head =  0
*INFO readPicture : head =  0
*INFO readPicture : head =  0
*INFO readPicture : head =  0
*INFO readPicture : head =  0
*INFO readPicture : head =  0
*INFO readPicture : head =  0
*INFO readPicture : head =  0
*INFO readPicture : head =  214
*INFO readPicture : head =  3
*INFO readPicture : head =  214
*INFO readPicture : head =  3
*INFO readPicture : head =  32
*INFO readPicture : head =  8
*INFO readPicture : width = 982
*INFO readPicture : high = 982
*INFO readPicture : type = 8
*INFO writePicture : size = 1710882
*INFO writePicture : head =  0
*INFO writePicture : head =  0
*INFO writePicture : head =  2
*INFO writePicture : head =  0
*INFO writePicture : head =  0
*INFO writePicture : head =  0
*INFO writePicture : head =  0
*INFO writePicture : head =  0
*INFO writePicture : head =  0
*INFO writePicture : head =  0
*INFO writePicture : head =  0
*INFO writePicture : head =  0
*INFO writePicture : head =  142
*INFO writePicture : head =  2
*INFO writePicture : head =  142
*INFO writePicture : head =  2
*INFO writePicture : head =  32
*INFO writePicture : head =  40
*INFO writePicture : size = 3849462
*INFO writePicture : head =  0
*INFO writePicture : head =  0
*INFO writePicture : head =  2
*INFO writePicture : head =  0
*INFO writePicture : head =  0
*INFO writePicture : head =  0
*INFO writePicture : head =  0
*INFO writePicture : head =  0
*INFO writePicture : head =  0
*INFO writePicture : head =  0
*INFO writePicture : head =  0
*INFO writePicture : head =  0
*INFO writePicture : head =  213
*INFO writePicture : head =  3
*INFO writePicture : head =  213
*INFO writePicture : head =  3
*INFO writePicture : head =  32
*INFO writePicture : head =  40
*INFO writePicture : size = 1710882
*INFO writePicture : head =  0
*INFO writePicture : head =  0
*INFO writePicture : head =  2
*INFO writePicture : head =  0
*INFO writePicture : head =  0
*INFO writePicture : head =  0
*INFO writePicture : head =  0
*INFO writePicture : head =  0
*INFO writePicture : head =  0
*INFO writePicture : head =  0
*INFO writePicture : head =  0
*INFO writePicture : head =  0
*INFO writePicture : head =  142
*INFO writePicture : head =  2
*INFO writePicture : head =  142
*INFO writePicture : head =  2
*INFO writePicture : head =  32
*INFO writePicture : head =  40
*INFO writePicture : size = 3849462
*INFO writePicture : head =  0
*INFO writePicture : head =  0
*INFO writePicture : head =  2
*INFO writePicture : head =  0
*INFO writePicture : head =  0
*INFO writePicture : head =  0
*INFO writePicture : head =  0
*INFO writePicture : head =  0
*INFO writePicture : head =  0
*INFO writePicture : head =  0
*INFO writePicture : head =  0
*INFO writePicture : head =  0
*INFO writePicture : head =  213
*INFO writePicture : head =  3
*INFO writePicture : head =  213
*INFO writePicture : head =  3
*INFO writePicture : head =  32
*INFO writePicture : head =  40
*INFO Compare : RMS of bilining = 27
*INFO Compare : RMS of double = 29
*INFO Compare : D of bilining = 0
*INFO Compare : D of double = 0
************************lena.tga******************************
*INFO readPicture : open file pictures/lena.tga
*INFO readPicture : lSize = 1459282
*INFO readPicture : head =  0
*INFO readPicture : head =  0
*INFO readPicture : head =  2
*INFO readPicture : head =  0
*INFO readPicture : head =  0
*INFO readPicture : head =  0
*INFO readPicture : head =  0
*INFO readPicture : head =  0
*INFO readPicture : head =  0
*INFO readPicture : head =  0
*INFO readPicture : head =  0
*INFO readPicture : head =  0
*INFO readPicture : head =  92
*INFO readPicture : head =  2
*INFO readPicture : head =  92
*INFO readPicture : head =  2
*INFO readPicture : head =  32
*INFO readPicture : head =  8
*INFO readPicture : width = 604
*INFO readPicture : high = 604
*INFO readPicture : type = 8
*INFO writePicture : size = 364834
*INFO writePicture : head =  0
*INFO writePicture : head =  0
*INFO writePicture : head =  2
*INFO writePicture : head =  0
*INFO writePicture : head =  0
*INFO writePicture : head =  0
*INFO writePicture : head =  0
*INFO writePicture : head =  0
*INFO writePicture : head =  0
*INFO writePicture : head =  0
*INFO writePicture : head =  0
*INFO writePicture : head =  0
*INFO writePicture : head =  46
*INFO writePicture : head =  1
*INFO writePicture : head =  46
*INFO writePicture : head =  1
*INFO writePicture : head =  32
*INFO writePicture : head =  40
*INFO writePicture : size = 1459282
*INFO writePicture : head =  0
*INFO writePicture : head =  0
*INFO writePicture : head =  2
*INFO writePicture : head =  0
*INFO writePicture : head =  0
*INFO writePicture : head =  0
*INFO writePicture : head =  0
*INFO writePicture : head =  0
*INFO writePicture : head =  0
*INFO writePicture : head =  0
*INFO writePicture : head =  0
*INFO writePicture : head =  0
*INFO writePicture : head =  92
*INFO writePicture : head =  2
*INFO writePicture : head =  92
*INFO writePicture : head =  2
*INFO writePicture : head =  32
*INFO writePicture : head =  40
*INFO writePicture : size = 364834
*INFO writePicture : head =  0
*INFO writePicture : head =  0
*INFO writePicture : head =  2
*INFO writePicture : head =  0
*INFO writePicture : head =  0
*INFO writePicture : head =  0
*INFO writePicture : head =  0
*INFO writePicture : head =  0
*INFO writePicture : head =  0
*INFO writePicture : head =  0
*INFO writePicture : head =  0
*INFO writePicture : head =  0
*INFO writePicture : head =  46
*INFO writePicture : head =  1
*INFO writePicture : head =  46
*INFO writePicture : head =  1
*INFO writePicture : head =  32
*INFO writePicture : head =  40
*INFO writePicture : size = 1459282
*INFO writePicture : head =  0
*INFO writePicture : head =  0
*INFO writePicture : head =  2
*INFO writePicture : head =  0
*INFO writePicture : head =  0
*INFO writePicture : head =  0
*INFO writePicture : head =  0
*INFO writePicture : head =  0
*INFO writePicture : head =  0
*INFO writePicture : head =  0
*INFO writePicture : head =  0
*INFO writePicture : head =  0
*INFO writePicture : head =  92
*INFO writePicture : head =  2
*INFO writePicture : head =  92
*INFO writePicture : head =  2
*INFO writePicture : head =  32
*INFO writePicture : head =  40
*INFO Compare : RMS of bilining = 5
*INFO Compare : RMS of double = 7
*INFO Compare : D of bilining = 17
*INFO Compare : D of double = 13
************************flowers.tga******************************
*INFO readPicture : open file pictures/flowers.tga
*INFO readPicture : lSize = 8294418
*INFO readPicture : head =  0
*INFO readPicture : head =  0
*INFO readPicture : head =  2
*INFO readPicture : head =  0
*INFO readPicture : head =  0
*INFO readPicture : head =  0
*INFO readPicture : head =  0
*INFO readPicture : head =  0
*INFO readPicture : head =  0
*INFO readPicture : head =  0
*INFO readPicture : head =  0
*INFO readPicture : head =  0
*INFO readPicture : head =  128
*INFO readPicture : head =  7
*INFO readPicture : head =  56
*INFO readPicture : head =  4
*INFO readPicture : head =  32
*INFO readPicture : head =  8
*INFO readPicture : width = 1920
*INFO readPicture : high = 1080
*INFO readPicture : type = 8
*INFO writePicture : size = 33177618
*INFO writePicture : head =  0
*INFO writePicture : head =  0
*INFO writePicture : head =  2
*INFO writePicture : head =  0
*INFO writePicture : head =  0
*INFO writePicture : head =  0
*INFO writePicture : head =  0
*INFO writePicture : head =  0
*INFO writePicture : head =  0
*INFO writePicture : head =  0
*INFO writePicture : head =  0
*INFO writePicture : head =  0
*INFO writePicture : head =  0
*INFO writePicture : head =  15
*INFO writePicture : head =  112
*INFO writePicture : head =  8
*INFO writePicture : head =  32
*INFO writePicture : head =  40
*INFO writePicture : size = 8294418
*INFO writePicture : head =  0
*INFO writePicture : head =  0
*INFO writePicture : head =  2
*INFO writePicture : head =  0
*INFO writePicture : head =  0
*INFO writePicture : head =  0
*INFO writePicture : head =  0
*INFO writePicture : head =  0
*INFO writePicture : head =  0
*INFO writePicture : head =  0
*INFO writePicture : head =  0
*INFO writePicture : head =  0
*INFO writePicture : head =  128
*INFO writePicture : head =  7
*INFO writePicture : head =  56
*INFO writePicture : head =  4
*INFO writePicture : head =  32
*INFO writePicture : head =  40
*INFO writePicture : size = 33177618
*INFO writePicture : head =  0
*INFO writePicture : head =  0
*INFO writePicture : head =  2
*INFO writePicture : head =  0
*INFO writePicture : head =  0
*INFO writePicture : head =  0
*INFO writePicture : head =  0
*INFO writePicture : head =  0
*INFO writePicture : head =  0
*INFO writePicture : head =  0
*INFO writePicture : head =  0
*INFO writePicture : head =  0
*INFO writePicture : head =  0
*INFO writePicture : head =  15
*INFO writePicture : head =  112
*INFO writePicture : head =  8
*INFO writePicture : head =  32
*INFO writePicture : head =  40
*INFO writePicture : size = 8294418
*INFO writePicture : head =  0
*INFO writePicture : head =  0
*INFO writePicture : head =  2
*INFO writePicture : head =  0
*INFO writePicture : head =  0
*INFO writePicture : head =  0
*INFO writePicture : head =  0
*INFO writePicture : head =  0
*INFO writePicture : head =  0
*INFO writePicture : head =  0
*INFO writePicture : head =  0
*INFO writePicture : head =  0
*INFO writePicture : head =  128
*INFO writePicture : head =  7
*INFO writePicture : head =  56
*INFO writePicture : head =  4
*INFO writePicture : head =  32
*INFO writePicture : head =  40
*INFO Compare : RMS of bilining = 0
*INFO Compare : RMS of double = 0
*INFO Compare : D of bilining = 0
*INFO Compare : D of double = 0
